<?xml version="1.0" encoding="UTF-8" ?>
<testsuites name="vitest tests" tests="2051" failures="0" errors="0" time="165.655">
    <testsuite name="src/__tests__/active-agents.service.test.ts" timestamp="2026-03-13T16:11:54.904Z" hostname="todd.local" tests="13" failures="0" errors="0" skipped="0" time="0.007296041">
        <testcase classname="src/__tests__/active-agents.service.test.ts" name="ActiveAgentsService &gt; register &gt; adds an agent to the registry" time="0.002132">
        </testcase>
        <testcase classname="src/__tests__/active-agents.service.test.ts" name="ActiveAgentsService &gt; register &gt; includes name when provided" time="0.000169375">
        </testcase>
        <testcase classname="src/__tests__/active-agents.service.test.ts" name="ActiveAgentsService &gt; register &gt; includes branchName when provided" time="0.000207959">
        </testcase>
        <testcase classname="src/__tests__/active-agents.service.test.ts" name="ActiveAgentsService &gt; register &gt; includes feedbackId when Analyst is categorizing feedback" time="0.000115458">
        </testcase>
        <testcase classname="src/__tests__/active-agents.service.test.ts" name="ActiveAgentsService &gt; register &gt; overwrites existing agent with same id" time="0.000166333">
        </testcase>
        <testcase classname="src/__tests__/active-agents.service.test.ts" name="ActiveAgentsService &gt; unregister &gt; removes an agent by id" time="0.000170041">
        </testcase>
        <testcase classname="src/__tests__/active-agents.service.test.ts" name="ActiveAgentsService &gt; unregister &gt; is safe to call when agent was never registered" time="0.000543792">
        </testcase>
        <testcase classname="src/__tests__/active-agents.service.test.ts" name="ActiveAgentsService &gt; unregister &gt; does not affect other agents" time="0.000261458">
        </testcase>
        <testcase classname="src/__tests__/active-agents.service.test.ts" name="ActiveAgentsService &gt; list &gt; returns empty array when no agents registered" time="0.000281541">
        </testcase>
        <testcase classname="src/__tests__/active-agents.service.test.ts" name="ActiveAgentsService &gt; list &gt; returns all agents when no projectId filter" time="0.000572042">
        </testcase>
        <testcase classname="src/__tests__/active-agents.service.test.ts" name="ActiveAgentsService &gt; list &gt; filters by projectId when provided" time="0.00039125">
        </testcase>
        <testcase classname="src/__tests__/active-agents.service.test.ts" name="ActiveAgentsService &gt; list &gt; returns empty array for non-existent projectId" time="0.000082625">
        </testcase>
        <testcase classname="src/__tests__/active-agents.service.test.ts" name="ActiveAgentsService &gt; list &gt; omits projectId from response (API compatibility)" time="0.000343458">
        </testcase>
    </testsuite>
    <testsuite name="src/__tests__/agent-client.test.ts" timestamp="2026-03-13T16:11:54.933Z" hostname="todd.local" tests="45" failures="0" errors="0" skipped="0" time="2.409168125">
        <testcase classname="src/__tests__/agent-client.test.ts" name="AgentClient &gt; invoke &gt; should route claude config to Claude CLI via spawn (not exec)" time="0.00759425">
        </testcase>
        <testcase classname="src/__tests__/agent-client.test.ts" name="AgentClient &gt; invoke &gt; should route claude config without model" time="0.003882583">
        </testcase>
        <testcase classname="src/__tests__/agent-client.test.ts" name="AgentClient &gt; invoke &gt; cursor config routing (no projectId; test placeholder CURSOR_API_KEY) &gt; should route cursor config to Cursor CLI" time="0.003592416">
        </testcase>
        <testcase classname="src/__tests__/agent-client.test.ts" name="AgentClient &gt; invoke &gt; cursor config routing (no projectId; test placeholder CURSOR_API_KEY) &gt; should route cursor config through cmd.exe on Windows" time="0.001557">
        </testcase>
        <testcase classname="src/__tests__/agent-client.test.ts" name="AgentClient &gt; invoke &gt; cursor config routing (no projectId; test placeholder CURSOR_API_KEY) &gt; should map cursor null model to explicit auto" time="0.011203291">
        </testcase>
        <testcase classname="src/__tests__/agent-client.test.ts" name="AgentClient &gt; invoke &gt; should use ApiKeyResolver when projectId provided for cursor" time="0.004289333">
        </testcase>
        <testcase classname="src/__tests__/agent-client.test.ts" name="AgentClient &gt; invoke &gt; should recordLimitHit and retry on limit error when projectId provided" time="0.003676">
        </testcase>
        <testcase classname="src/__tests__/agent-client.test.ts" name="AgentClient &gt; invoke &gt; should route openai config to OpenAI API" time="0.000654417">
        </testcase>
        <testcase classname="src/__tests__/agent-client.test.ts" name="AgentClient &gt; invoke &gt; should route codex OpenAI models to the Responses API" time="0.000485333">
        </testcase>
        <testcase classname="src/__tests__/agent-client.test.ts" name="AgentClient &gt; invoke &gt; should use ApiKeyResolver when projectId provided for openai" time="0.000361875">
        </testcase>
        <testcase classname="src/__tests__/agent-client.test.ts" name="AgentClient &gt; invoke &gt; should recordLimitHit and retry on limit error for openai" time="0.000704333">
        </testcase>
        <testcase classname="src/__tests__/agent-client.test.ts" name="AgentClient &gt; invoke &gt; should route google config to Gemini API" time="0.000361208">
        </testcase>
        <testcase classname="src/__tests__/agent-client.test.ts" name="AgentClient &gt; invoke &gt; should use safeGeminiText when Gemini response has no text (blocked)" time="0.000805791">
        </testcase>
        <testcase classname="src/__tests__/agent-client.test.ts" name="AgentClient &gt; invoke &gt; should route custom config to Custom CLI" time="0.000671125">
        </testcase>
        <testcase classname="src/__tests__/agent-client.test.ts" name="AgentClient &gt; invoke &gt; should throw for custom agent when cliCommand is missing" time="0.00073025">
        </testcase>
        <testcase classname="src/__tests__/agent-client.test.ts" name="AgentClient &gt; invoke &gt; should throw for unsupported agent type" time="0.000166958">
        </testcase>
        <testcase classname="src/__tests__/agent-client.test.ts" name="AgentClient &gt; invoke &gt; should route lmstudio config to LM Studio API with default baseURL and model" time="0.000438792">
        </testcase>
        <testcase classname="src/__tests__/agent-client.test.ts" name="AgentClient &gt; invoke &gt; should route lmstudio config with custom baseUrl and model" time="0.000181458">
        </testcase>
        <testcase classname="src/__tests__/agent-client.test.ts" name="AgentClient &gt; invoke &gt; should throw user-facing message when LM Studio is unreachable" time="0.00021925">
        </testcase>
        <testcase classname="src/__tests__/agent-client.test.ts" name="AgentClient &gt; invoke &gt; should throw user-facing message when LM Studio returns generic Connection error" time="0.000128209">
        </testcase>
        <testcase classname="src/__tests__/agent-client.test.ts" name="AgentClient &gt; invoke &gt; should stream LM Studio response when onChunk is provided" time="0.000298541">
        </testcase>
        <testcase classname="src/__tests__/agent-client.test.ts" name="AgentClient &gt; spawnWithTaskFile &gt; should spawn Claude CLI with --print prompt content (no --task-file)" time="0.008094875">
        </testcase>
        <testcase classname="src/__tests__/agent-client.test.ts" name="AgentClient &gt; spawnWithTaskFile &gt; should spawn Cursor agent with task content and workspace" time="0.003947042">
        </testcase>
        <testcase classname="src/__tests__/agent-client.test.ts" name="AgentClient &gt; spawnWithTaskFile &gt; should spawn Cursor task-file command through cmd.exe on Windows" time="0.010755167">
        </testcase>
        <testcase classname="src/__tests__/agent-client.test.ts" name="AgentClient &gt; spawnWithTaskFile &gt; emits Windows-compatible install instructions when Cursor CLI not found (ENOENT)" time="0.002946958">
        </testcase>
        <testcase classname="src/__tests__/agent-client.test.ts" name="AgentClient &gt; spawnWithTaskFile &gt; should pass --model auto for Cursor task-file spawn when model is null" time="0.006875125">
        </testcase>
        <testcase classname="src/__tests__/agent-client.test.ts" name="AgentClient &gt; spawnWithTaskFile &gt; should spawn custom agent with cliCommand and task file path" time="0.000694083">
        </testcase>
        <testcase classname="src/__tests__/agent-client.test.ts" name="AgentClient &gt; spawnWithTaskFile &gt; should throw for custom agent when cliCommand is missing" time="0.00020725">
        </testcase>
        <testcase classname="src/__tests__/agent-client.test.ts" name="AgentClient &gt; spawnWithTaskFile &gt; should run OpenAI in-process for spawnWithTaskFile (no subprocess)" time="0.058075">
        </testcase>
        <testcase classname="src/__tests__/agent-client.test.ts" name="AgentClient &gt; spawnWithTaskFile &gt; rotates to next OpenAI key when first key is invalid in spawnWithTaskFile" time="0.062974083">
        </testcase>
        <testcase classname="src/__tests__/agent-client.test.ts" name="AgentClient &gt; spawnWithTaskFile &gt; should run Google Gemini in-process for spawnWithTaskFile (no subprocess)" time="0.060093375">
        </testcase>
        <testcase classname="src/__tests__/agent-client.test.ts" name="AgentClient &gt; spawnWithTaskFile &gt; should run Claude API in-process for spawnWithTaskFile (no subprocess, no --task-file)" time="0.057717083">
        </testcase>
        <testcase classname="src/__tests__/agent-client.test.ts" name="AgentClient &gt; spawnWithTaskFile &gt; should run LM Studio in-process for spawnWithTaskFile (no subprocess, no API key)" time="0.056145542">
        </testcase>
        <testcase classname="src/__tests__/agent-client.test.ts" name="AgentClient &gt; spawnWithTaskFile &gt; should run codex OpenAI models in-process via the Responses API" time="0.061491708">
        </testcase>
        <testcase classname="src/__tests__/agent-client.test.ts" name="AgentClient &gt; spawnWithTaskFile &gt; should use outputLogPath and pass file fd to spawn for streaming to file" time="0.014240792">
        </testcase>
        <testcase classname="src/__tests__/agent-client.test.ts" name="AgentClient &gt; spawnWithTaskFile &gt; does not recordLimitHit when detached output only mentions rate limits in normal text" time="0.065604292">
        </testcase>
        <testcase classname="src/__tests__/agent-client.test.ts" name="AgentClient &gt; spawnWithTaskFile &gt; does not recordLimitHit for S-prefixed plain text discussing rate limits" time="0.072959084">
        </testcase>
        <testcase classname="src/__tests__/agent-client.test.ts" name="AgentClient &gt; spawnWithTaskFile &gt; does not mark Cursor key invalid for generic Error-prefixed text in detached output" time="0.061580042">
        </testcase>
        <testcase classname="src/__tests__/agent-client.test.ts" name="AgentClient &gt; spawnWithTaskFile &gt; does not mark Cursor key invalid for login/keychain auth errors" time="0.06677625">
        </testcase>
        <testcase classname="src/__tests__/agent-client.test.ts" name="AgentClient &gt; spawnWithTaskFile &gt; records limit hits for detached Cursor usage-limit messages emitted as plain text" time="0.068375209">
        </testcase>
        <testcase classname="src/__tests__/agent-client.test.ts" name="AgentClient &gt; spawnWithTaskFile &gt; retries transient Cursor startup failures and succeeds without key rotation" time="0.727667791">
        </testcase>
        <testcase classname="src/__tests__/agent-client.test.ts" name="AgentClient &gt; spawnWithTaskFile &gt; falls back to model auto when Cursor slow-pool capacity error is returned" time="0.120813125">
        </testcase>
        <testcase classname="src/__tests__/agent-client.test.ts" name="AgentClient &gt; spawnWithTaskFile &gt; polls result.json next to the general prompt path" time="0.370139541">
        </testcase>
        <testcase classname="src/__tests__/agent-client.test.ts" name="AgentClient &gt; spawnWithTaskFile &gt; polls angle result.json from prompt directory and ignores stale inferred paths" time="0.39698425">
        </testcase>
        <testcase classname="src/__tests__/agent-client.test.ts" name="AgentClient &gt; spawnWithTaskFile &gt; should return kill that terminates process with process group" time="0.00977875">
        </testcase>
    </testsuite>
    <testsuite name="src/__tests__/agent-config.test.ts" timestamp="2026-03-13T16:11:54.961Z" hostname="todd.local" tests="12" failures="0" errors="0" skipped="0" time="0.005044125">
        <testcase classname="src/__tests__/agent-config.test.ts" name="agent-config schema &gt; parseAgentConfig &gt; should accept valid simpleComplexityAgent config" time="0.00160875">
        </testcase>
        <testcase classname="src/__tests__/agent-config.test.ts" name="agent-config schema &gt; parseAgentConfig &gt; should accept valid complexComplexityAgent config" time="0.000143708">
        </testcase>
        <testcase classname="src/__tests__/agent-config.test.ts" name="agent-config schema &gt; parseAgentConfig &gt; should accept openai agent type" time="0.000198625">
        </testcase>
        <testcase classname="src/__tests__/agent-config.test.ts" name="agent-config schema &gt; parseAgentConfig &gt; should accept google agent type" time="0.000158833">
        </testcase>
        <testcase classname="src/__tests__/agent-config.test.ts" name="agent-config schema &gt; parseAgentConfig &gt; should reject invalid type" time="0.000482958">
        </testcase>
        <testcase classname="src/__tests__/agent-config.test.ts" name="agent-config schema &gt; parseAgentConfig &gt; should reject invalid model type" time="0.000171291">
        </testcase>
        <testcase classname="src/__tests__/agent-config.test.ts" name="agent-config schema &gt; parseAgentConfig &gt; should accept lmstudio agent type with baseUrl" time="0.000154834">
        </testcase>
        <testcase classname="src/__tests__/agent-config.test.ts" name="agent-config schema &gt; parseAgentConfig &gt; should accept lmstudio without baseUrl (optional)" time="0.00007575">
        </testcase>
        <testcase classname="src/__tests__/agent-config.test.ts" name="agent-config schema &gt; parseAgentConfig &gt; should normalize baseUrl trailing slash" time="0.000363833">
        </testcase>
        <testcase classname="src/__tests__/agent-config.test.ts" name="agent-config schema &gt; parseAgentConfig &gt; should reject non-http(s) baseUrl with clear message" time="0.000378167">
        </testcase>
        <testcase classname="src/__tests__/agent-config.test.ts" name="agent-config schema &gt; parseAgentConfig &gt; should reject invalid baseUrl (non-URL string)" time="0.000151208">
        </testcase>
        <testcase classname="src/__tests__/agent-config.test.ts" name="agent-config schema &gt; parseAgentConfig &gt; should reject empty baseUrl when type is lmstudio with clear message" time="0.000179041">
        </testcase>
    </testsuite>
    <testsuite name="src/__tests__/agent-identity.service.test.ts" timestamp="2026-03-13T16:11:54.966Z" hostname="todd.local" tests="10" failures="0" errors="0" skipped="0" time="11.155427375">
        <testcase classname="src/__tests__/agent-identity.service.test.ts" name="AgentIdentityService &gt; should record and retrieve attempt records" time="0.046929833">
        </testcase>
        <testcase classname="src/__tests__/agent-identity.service.test.ts" name="AgentIdentityService &gt; should persist stats to DB" time="0.040086">
        </testcase>
        <testcase classname="src/__tests__/agent-identity.service.test.ts" name="AgentIdentityService &gt; should load stats from DB (survives restart)" time="0.11793225">
        </testcase>
        <testcase classname="src/__tests__/agent-identity.service.test.ts" name="AgentIdentityService &gt; should build agent profile with aggregated stats" time="0.11612675">
        </testcase>
        <testcase classname="src/__tests__/agent-identity.service.test.ts" name="AgentIdentityService &gt; should cap stored records at 500" time="10.762373666">
        </testcase>
        <testcase classname="src/__tests__/agent-identity.service.test.ts" name="AgentIdentityService &gt; selectAgentForRetry &gt; should use base config for first 2 attempts" time="0.024802875">
        </testcase>
        <testcase classname="src/__tests__/agent-identity.service.test.ts" name="AgentIdentityService &gt; selectAgentForRetry &gt; should escalate model on 3+ consecutive same-type failures" time="0.017220334">
        </testcase>
        <testcase classname="src/__tests__/agent-identity.service.test.ts" name="AgentIdentityService &gt; selectAgentForRetry &gt; should not escalate when failure types differ" time="0.008590958">
        </testcase>
        <testcase classname="src/__tests__/agent-identity.service.test.ts" name="AgentIdentityService &gt; selectAgentForRetry &gt; retry with high complexity uses complexComplexityAgent as the base config" time="0.012544833">
        </testcase>
        <testcase classname="src/__tests__/agent-identity.service.test.ts" name="AgentIdentityService &gt; selectAgentForRetry &gt; retry with low complexity uses simpleComplexityAgent as the base config" time="0.0073965">
        </testcase>
    </testsuite>
    <testsuite name="src/__tests__/agent-instructions.service.test.ts" timestamp="2026-03-13T16:11:54.974Z" hostname="todd.local" tests="8" failures="0" errors="0" skipped="0" time="0.467374125">
        <testcase classname="src/__tests__/agent-instructions.service.test.ts" name="getCombinedInstructions &gt; returns general content only when AGENTS.md exists and role file is missing" time="0.023923541">
        </testcase>
        <testcase classname="src/__tests__/agent-instructions.service.test.ts" name="getCombinedInstructions &gt; returns general + role content when both exist" time="0.037457667">
        </testcase>
        <testcase classname="src/__tests__/agent-instructions.service.test.ts" name="getCombinedInstructions &gt; returns general content only when role file is empty" time="0.076029208">
        </testcase>
        <testcase classname="src/__tests__/agent-instructions.service.test.ts" name="getCombinedInstructions &gt; returns general content only when role file has only whitespace" time="0.099513666">
        </testcase>
        <testcase classname="src/__tests__/agent-instructions.service.test.ts" name="getCombinedInstructions &gt; returns header + empty general when AGENTS.md is missing and role file is missing" time="0.017475875">
        </testcase>
        <testcase classname="src/__tests__/agent-instructions.service.test.ts" name="getCombinedInstructions &gt; returns header + role content when AGENTS.md is missing but role file exists" time="0.04981125">
        </testcase>
        <testcase classname="src/__tests__/agent-instructions.service.test.ts" name="getCombinedInstructions &gt; works for all valid roles in AGENT_ROLE_CANONICAL_ORDER" time="0.152671208">
        </testcase>
        <testcase classname="src/__tests__/agent-instructions.service.test.ts" name="getCombinedInstructions &gt; throws for invalid role" time="0.009055708">
        </testcase>
    </testsuite>
    <testsuite name="src/__tests__/agent-lifecycle.test.ts" timestamp="2026-03-13T16:11:54.979Z" hostname="todd.local" tests="14" failures="0" errors="0" skipped="0" time="0.5251895">
        <testcase classname="src/__tests__/agent-lifecycle.test.ts" name="AgentLifecycleManager &gt; run &gt; spawns coder agent and initializes run state" time="0.004465209">
        </testcase>
        <testcase classname="src/__tests__/agent-lifecycle.test.ts" name="AgentLifecycleManager &gt; run &gt; spawns reviewer agent when role is reviewer" time="0.000222041">
        </testcase>
        <testcase classname="src/__tests__/agent-lifecycle.test.ts" name="AgentLifecycleManager &gt; run &gt; preserves startedAt when already set (e.g. by phase-executor before spawn)" time="0.0003785">
        </testcase>
        <testcase classname="src/__tests__/agent-lifecycle.test.ts" name="AgentLifecycleManager &gt; run &gt; invokes onDone and cleans up when agent exits via onExit" time="0.000504292">
        </testcase>
        <testcase classname="src/__tests__/agent-lifecycle.test.ts" name="AgentLifecycleManager &gt; run &gt; appends output chunks to runState.outputLog" time="0.000428208">
        </testcase>
        <testcase classname="src/__tests__/agent-lifecycle.test.ts" name="AgentLifecycleManager &gt; run &gt; does not call onDone twice when onExit is invoked multiple times" time="0.000174666">
        </testcase>
        <testcase classname="src/__tests__/agent-lifecycle.test.ts" name="AgentLifecycleManager &gt; run &gt; does not timeout while a shell tool call is still active" time="0.071592666">
        </testcase>
        <testcase classname="src/__tests__/agent-lifecycle.test.ts" name="AgentLifecycleManager &gt; run &gt; suspends when a shell tool call stays silent past the extended window" time="0.083211583">
            <system-err>
[agent-lifecycle] Agent suspended due to inactivity {&quot;taskId&quot;:&quot;task-1&quot;,&quot;elapsedMs&quot;:930000,&quot;effectiveTimeoutMs&quot;:900000,&quot;activeToolCallCount&quot;:1}

            </system-err>
        </testcase>
        <testcase classname="src/__tests__/agent-lifecycle.test.ts" name="AgentLifecycleManager &gt; run &gt; kills after the suspend grace expires" time="0.320347291">
            <system-err>
[agent-lifecycle] Agent suspended due to inactivity {&quot;taskId&quot;:&quot;task-1&quot;,&quot;elapsedMs&quot;:930000,&quot;effectiveTimeoutMs&quot;:900000,&quot;activeToolCallCount&quot;:1}

[agent-lifecycle] Agent timeout {&quot;taskId&quot;:&quot;task-1&quot;,&quot;elapsedMs&quot;:4530000,&quot;effectiveTimeoutMs&quot;:900000,&quot;activeToolCallCount&quot;:1,&quot;suspendedAtIso&quot;:&quot;2026-03-13T16:25:59.449Z&quot;}
[agent-lifecycle] Agent timeout {&quot;taskId&quot;:&quot;task-1&quot;,&quot;elapsedMs&quot;:4560000,&quot;effectiveTimeoutMs&quot;:900000,&quot;activeToolCallCount&quot;:1,&quot;suspendedAtIso&quot;:&quot;2026-03-13T16:25:59.449Z&quot;}

            </system-err>
        </testcase>
        <testcase classname="src/__tests__/agent-lifecycle.test.ts" name="AgentLifecycleManager &gt; run &gt; resumes from suspended when new output arrives" time="0.033255875">
            <system-err>
[agent-lifecycle] Agent suspended due to inactivity {&quot;taskId&quot;:&quot;task-1&quot;,&quot;elapsedMs&quot;:630000,&quot;effectiveTimeoutMs&quot;:600000,&quot;activeToolCallCount&quot;:0}

            </system-err>
        </testcase>
        <testcase classname="src/__tests__/agent-lifecycle.test.ts" name="AgentLifecycleManager &gt; run &gt; records tool wait activity for diagnostics when a tool call starts and completes" time="0.001193166">
        </testcase>
        <testcase classname="src/__tests__/agent-lifecycle.test.ts" name="AgentLifecycleManager &gt; resumeMonitoring &gt; starts output tail and sets outputTailStop so live output streams after GUPP recovery" time="0.002389">
        </testcase>
        <testcase classname="src/__tests__/agent-lifecycle.test.ts" name="AgentLifecycleManager &gt; resumeMonitoring &gt; outputTailStop clears the tail timer" time="0.000703916">
        </testcase>
        <testcase classname="src/__tests__/agent-lifecycle.test.ts" name="AgentLifecycleManager &gt; resumeMonitoring &gt; wrapped onDone stops tail and then calls original onDone" time="0.005243959">
            <system-err>
[agent-lifecycle] Agent process dead, recovering immediately {&quot;taskId&quot;:&quot;task-1&quot;,&quot;pid&quot;:9999}

            </system-err>
        </testcase>
    </testsuite>
    <testsuite name="src/__tests__/agent-process-registry.test.ts" timestamp="2026-03-13T16:11:54.984Z" hostname="todd.local" tests="4" failures="0" errors="0" skipped="0" time="0.003085625">
        <testcase classname="src/__tests__/agent-process-registry.test.ts" name="agent-process-registry &gt; should track and kill processes on killAllTrackedAgentProcesses" time="0.001323042">
        </testcase>
        <testcase classname="src/__tests__/agent-process-registry.test.ts" name="agent-process-registry &gt; should track process groups (stored as negative PID for kill -pgid)" time="0.000797834">
        </testcase>
        <testcase classname="src/__tests__/agent-process-registry.test.ts" name="agent-process-registry &gt; should clear registry after killAllTrackedAgentProcesses" time="0.000270167">
        </testcase>
        <testcase classname="src/__tests__/agent-process-registry.test.ts" name="agent-process-registry &gt; should unregister process so it is not killed" time="0.000184">
        </testcase>
    </testsuite>
    <testsuite name="src/__tests__/agent.service.test.ts" timestamp="2026-03-13T16:11:54.988Z" hostname="todd.local" tests="24" failures="0" errors="0" skipped="0" time="0.124870417">
        <testcase classname="src/__tests__/agent.service.test.ts" name="AgentService &gt; invokeReviewAgent &gt; should invoke review agent with code reviewer role per PRD §12.3" time="0.006555167">
        </testcase>
        <testcase classname="src/__tests__/agent.service.test.ts" name="AgentService &gt; invokeReviewAgent &gt; should allow override of agentRole when provided" time="0.000731417">
        </testcase>
        <testcase classname="src/__tests__/agent.service.test.ts" name="AgentService &gt; agent_stats recording &gt; records planning invocations with tracking role into agent_stats" time="0.00083675">
        </testcase>
        <testcase classname="src/__tests__/agent.service.test.ts" name="AgentService &gt; agent_stats recording &gt; records planning invocations without tracking into agent_stats when role is provided" time="0.000210375">
        </testcase>
        <testcase classname="src/__tests__/agent.service.test.ts" name="AgentService &gt; agent_stats recording &gt; records merger runs via invokeCodingAgent role tracking" time="0.000305709">
        </testcase>
        <testcase classname="src/__tests__/agent.service.test.ts" name="AgentService &gt; agent_stats recording &gt; does not duplicate coder/reviewer task stats from invokeCodingAgent wrapper" time="0.000355709">
        </testcase>
        <testcase classname="src/__tests__/agent.service.test.ts" name="AgentService &gt; createProcessGroupHandle &gt; sends SIGTERM to the detached process group and escalates to SIGKILL" time="0.001059833">
        </testcase>
        <testcase classname="src/__tests__/agent.service.test.ts" name="AgentService &gt; createProcessGroupHandle &gt; falls back to positive PID signals on Windows" time="0.000409959">
        </testcase>
        <testcase classname="src/__tests__/agent.service.test.ts" name="AgentService &gt; runMergerAgentAndWait &gt; includes destructive-command guardrails in merger prompts" time="0.042592917">
        </testcase>
        <testcase classname="src/__tests__/agent.service.test.ts" name="AgentService &gt; runMergerAgentAndWait &gt; returns true when merger agent exits with code 0" time="0.023882042">
        </testcase>
        <testcase classname="src/__tests__/agent.service.test.ts" name="AgentService &gt; runMergerAgentAndWait &gt; returns false when merger agent exits with non-zero code" time="0.0037285">
        </testcase>
        <testcase classname="src/__tests__/agent.service.test.ts" name="AgentService &gt; runMergerAgentAndWait &gt; uses baseBranch in merger prompt when provided" time="0.002166541">
        </testcase>
        <testcase classname="src/__tests__/agent.service.test.ts" name="AgentService &gt; runMergerAgentAndWait &gt; prepends combined agent instructions for merger role to the merger prompt" time="0.023600916">
        </testcase>
        <testcase classname="src/__tests__/agent.service.test.ts" name="AgentService &gt; invokePlanningAgent (Claude + ApiKeyResolver) &gt; uses getNextKey and clearLimitHit on success" time="0.00051325">
        </testcase>
        <testcase classname="src/__tests__/agent.service.test.ts" name="AgentService &gt; invokePlanningAgent (Claude + ApiKeyResolver) &gt; on limit error: recordLimitHit, retry with next key, succeeds on second key" time="0.000618542">
        </testcase>
        <testcase classname="src/__tests__/agent.service.test.ts" name="AgentService &gt; invokePlanningAgent (Claude + ApiKeyResolver) &gt; on limit error with env fallback: throws without retry" time="0.00123475">
        </testcase>
        <testcase classname="src/__tests__/agent.service.test.ts" name="AgentService &gt; invokePlanningAgent (Claude + ApiKeyResolver) &gt; when no keys available: throws ANTHROPIC_API_KEY_MISSING" time="0.000553833">
        </testcase>
        <testcase classname="src/__tests__/agent.service.test.ts" name="AgentService &gt; invokePlanningAgent (Claude + ApiKeyResolver) &gt; streaming path: uses getNextKey and clearLimitHit on success" time="0.00033775">
        </testcase>
        <testcase classname="src/__tests__/agent.service.test.ts" name="AgentService &gt; invokePlanningAgent (OpenAI + ApiKeyResolver) &gt; uses getNextKey and clearLimitHit on success" time="0.000391458">
        </testcase>
        <testcase classname="src/__tests__/agent.service.test.ts" name="AgentService &gt; invokePlanningAgent (OpenAI + ApiKeyResolver) &gt; routes codex planning models through the Responses API" time="0.000694708">
        </testcase>
        <testcase classname="src/__tests__/agent.service.test.ts" name="AgentService &gt; invokePlanningAgent (OpenAI + ApiKeyResolver) &gt; on limit error: recordLimitHit, retry with next key, succeeds on second key" time="0.000241042">
        </testcase>
        <testcase classname="src/__tests__/agent.service.test.ts" name="AgentService &gt; invokePlanningAgent (OpenAI + ApiKeyResolver) &gt; when no keys available: throws OPENAI_API_ERROR" time="0.00015675">
        </testcase>
        <testcase classname="src/__tests__/agent.service.test.ts" name="AgentService &gt; invokePlanningAgent (OpenAI + ApiKeyResolver) &gt; streaming path: uses getNextKey and clearLimitHit on success" time="0.000216209">
        </testcase>
        <testcase classname="src/__tests__/agent.service.test.ts" name="AgentService &gt; invokePlanningAgent (OpenAI + ApiKeyResolver) &gt; streams codex planning models through the Responses API" time="0.000384792">
        </testcase>
    </testsuite>
    <testsuite name="src/__tests__/agents-route.test.ts" timestamp="2026-03-13T16:11:54.992Z" hostname="todd.local" tests="20" failures="0" errors="0" skipped="0" time="40.958627166">
        <testcase classname="src/__tests__/agents-route.test.ts" name="Agents API &gt; GET /projects/:projectId/agents/active &gt; should return empty array when no agent is running" time="1.913825958">
        </testcase>
        <testcase classname="src/__tests__/agents-route.test.ts" name="Agents API &gt; GET /projects/:projectId/agents/active &gt; should return 404 for non-existent project" time="2.127047209">
        </testcase>
        <testcase classname="src/__tests__/agents-route.test.ts" name="Agents API &gt; GET /projects/:projectId/agents/active &gt; should return active agents from central registry" time="2.013478875">
        </testcase>
        <testcase classname="src/__tests__/agents-route.test.ts" name="Agents API &gt; GET /projects/:projectId/agents/instructions &gt; should return content when AGENTS.md exists" time="2.182745208">
        </testcase>
        <testcase classname="src/__tests__/agents-route.test.ts" name="Agents API &gt; GET /projects/:projectId/agents/instructions &gt; should return empty content when AGENTS.md is missing" time="1.888817">
        </testcase>
        <testcase classname="src/__tests__/agents-route.test.ts" name="Agents API &gt; GET /projects/:projectId/agents/instructions &gt; should return 404 for non-existent project" time="2.341803416">
        </testcase>
        <testcase classname="src/__tests__/agents-route.test.ts" name="Agents API &gt; PUT /projects/:projectId/agents/instructions &gt; should write content to AGENTS.md" time="1.877159042">
        </testcase>
        <testcase classname="src/__tests__/agents-route.test.ts" name="Agents API &gt; PUT /projects/:projectId/agents/instructions &gt; should return 400 when content is missing" time="1.842056542">
        </testcase>
        <testcase classname="src/__tests__/agents-route.test.ts" name="Agents API &gt; PUT /projects/:projectId/agents/instructions &gt; should return 404 for non-existent project" time="2.13841575">
        </testcase>
        <testcase classname="src/__tests__/agents-route.test.ts" name="Agents API &gt; GET /projects/:projectId/agents/instructions/:role &gt; should return content when role instructions exist in DB" time="2.041212208">
        </testcase>
        <testcase classname="src/__tests__/agents-route.test.ts" name="Agents API &gt; GET /projects/:projectId/agents/instructions/:role &gt; should return migration-required when only legacy role file exists" time="2.300240833">
        </testcase>
        <testcase classname="src/__tests__/agents-route.test.ts" name="Agents API &gt; GET /projects/:projectId/agents/instructions/:role &gt; should return empty content when role file is missing" time="2.016988583">
        </testcase>
        <testcase classname="src/__tests__/agents-route.test.ts" name="Agents API &gt; GET /projects/:projectId/agents/instructions/:role &gt; should return 400 for invalid role" time="2.120813375">
        </testcase>
        <testcase classname="src/__tests__/agents-route.test.ts" name="Agents API &gt; GET /projects/:projectId/agents/instructions/:role &gt; should return 404 for non-existent project" time="1.931515875">
        </testcase>
        <testcase classname="src/__tests__/agents-route.test.ts" name="Agents API &gt; PUT /projects/:projectId/agents/instructions/:role &gt; should write role instructions to DB" time="2.284595875">
        </testcase>
        <testcase classname="src/__tests__/agents-route.test.ts" name="Agents API &gt; PUT /projects/:projectId/agents/instructions/:role &gt; should return 400 when content is missing" time="2.056596209">
        </testcase>
        <testcase classname="src/__tests__/agents-route.test.ts" name="Agents API &gt; PUT /projects/:projectId/agents/instructions/:role &gt; should return 400 for invalid role" time="2.353820125">
        </testcase>
        <testcase classname="src/__tests__/agents-route.test.ts" name="Agents API &gt; PUT /projects/:projectId/agents/instructions/:role &gt; should return 404 for non-existent project" time="2.103838709">
        </testcase>
        <testcase classname="src/__tests__/agents-route.test.ts" name="Agents API &gt; POST /projects/:projectId/agents/:agentId/kill &gt; should return 404 when agent is not in slots (e.g. planning agent)" time="1.823405917">
        </testcase>
        <testcase classname="src/__tests__/agents-route.test.ts" name="Agents API &gt; POST /projects/:projectId/agents/:agentId/kill &gt; should return 404 for non-existent project" time="1.598054833">
        </testcase>
    </testsuite>
    <testsuite name="src/__tests__/api-error-notification.test.ts" timestamp="2026-03-13T16:11:54.993Z" hostname="todd.local" tests="3" failures="0" errors="0" skipped="0" time="0.149797583">
        <testcase classname="src/__tests__/api-error-notification.test.ts" name="apiErrorNotificationMiddleware &gt; creates and broadcasts an API-blocked notification for actionable agent errors" time="0.070685916">
        </testcase>
        <testcase classname="src/__tests__/api-error-notification.test.ts" name="apiErrorNotificationMiddleware &gt; passes through ignored errors without side effects" time="0.021627458">
        </testcase>
        <testcase classname="src/__tests__/api-error-notification.test.ts" name="apiErrorNotificationMiddleware &gt; prefers structured notificationMessage/details and recognizes GOOGLE_API_ERROR" time="0.053079667">
        </testcase>
    </testsuite>
    <testsuite name="src/__tests__/api-key-exhausted.test.ts" timestamp="2026-03-13T16:11:54.994Z" hostname="todd.local" tests="6" failures="0" errors="0" skipped="0" time="0.003050958">
        <testcase classname="src/__tests__/api-key-exhausted.test.ts" name="api-key-exhausted &gt; isExhausted returns false initially" time="0.00070825">
        </testcase>
        <testcase classname="src/__tests__/api-key-exhausted.test.ts" name="api-key-exhausted &gt; markExhausted sets exhausted state" time="0.000221625">
        </testcase>
        <testcase classname="src/__tests__/api-key-exhausted.test.ts" name="api-key-exhausted &gt; clearExhausted removes exhausted state" time="0.000113292">
        </testcase>
        <testcase classname="src/__tests__/api-key-exhausted.test.ts" name="api-key-exhausted &gt; exhausted state is per-project and per-provider" time="0.000217375">
        </testcase>
        <testcase classname="src/__tests__/api-key-exhausted.test.ts" name="api-key-exhausted &gt; clearExhaustedForProviderAcrossAllProjects &gt; clears exhausted state for provider across all projects" time="0.000699833">
        </testcase>
        <testcase classname="src/__tests__/api-key-exhausted.test.ts" name="api-key-exhausted &gt; clearExhaustedForProviderAcrossAllProjects &gt; returns empty array when provider not exhausted in any project" time="0.00029975">
        </testcase>
    </testsuite>
    <testsuite name="src/__tests__/api-key-resolver.test.ts" timestamp="2026-03-13T16:11:54.995Z" hostname="todd.local" tests="28" failures="0" errors="0" skipped="0" time="0.927423625">
        <testcase classname="src/__tests__/api-key-resolver.test.ts" name="ApiKeyResolver &gt; getNextKey — priority: global → env &gt; returns global store key with source &apos;global&apos; when available" time="0.075737292">
        </testcase>
        <testcase classname="src/__tests__/api-key-resolver.test.ts" name="ApiKeyResolver &gt; getNextKey — priority: global → env &gt; returns null when all global keys are rate-limited (no env fallback)" time="0.032612292">
        </testcase>
        <testcase classname="src/__tests__/api-key-resolver.test.ts" name="ApiKeyResolver &gt; getNextKey — priority: global → env &gt; returns null when all global keys are marked invalid (no env fallback)" time="0.034622541">
        </testcase>
        <testcase classname="src/__tests__/api-key-resolver.test.ts" name="ApiKeyResolver &gt; getNextKey — priority: global → env &gt; can include a recently rate-limited global key for read-only operations" time="0.027544458">
        </testcase>
        <testcase classname="src/__tests__/api-key-resolver.test.ts" name="ApiKeyResolver &gt; getNextKey — priority: global → env &gt; falls back to env when no global keys exist" time="0.029469">
        </testcase>
        <testcase classname="src/__tests__/api-key-resolver.test.ts" name="ApiKeyResolver &gt; getNextKey — priority: global → env &gt; does NOT fall back to env when global keys exist but are all rate-limited" time="0.030800708">
        </testcase>
        <testcase classname="src/__tests__/api-key-resolver.test.ts" name="ApiKeyResolver &gt; getNextKey — priority: global → env &gt; returns null when nothing configured at all" time="0.0052525">
        </testcase>
        <testcase classname="src/__tests__/api-key-resolver.test.ts" name="ApiKeyResolver &gt; getNextKey — priority: global → env &gt; returns global key with expired limitHitAt (&gt;24h ago)" time="0.018040083">
        </testcase>
        <testcase classname="src/__tests__/api-key-resolver.test.ts" name="ApiKeyResolver &gt; getNextKey — priority: global → env &gt; skips keys with empty value in global store" time="0.013506042">
        </testcase>
        <testcase classname="src/__tests__/api-key-resolver.test.ts" name="ApiKeyResolver &gt; getNextKey — priority: global → env &gt; returns first available global key when second has limitHitAt within 24h" time="0.048078542">
        </testcase>
        <testcase classname="src/__tests__/api-key-resolver.test.ts" name="ApiKeyResolver &gt; getNextKey — priority: global → env &gt; ignores projectId (global-only; projectId kept for backward compatibility)" time="0.026828584">
        </testcase>
        <testcase classname="src/__tests__/api-key-resolver.test.ts" name="ApiKeyResolver &gt; recordLimitHit — global store only &gt; sets limitHitAt in global store when source is &apos;global&apos;" time="0.036540791">
        </testcase>
        <testcase classname="src/__tests__/api-key-resolver.test.ts" name="ApiKeyResolver &gt; recordLimitHit — global store only &gt; defaults to global store when source is omitted" time="0.026989667">
        </testcase>
        <testcase classname="src/__tests__/api-key-resolver.test.ts" name="ApiKeyResolver &gt; recordLimitHit — global store only &gt; is no-op when keyId is ENV_FALLBACK_KEY_ID" time="0.000964167">
        </testcase>
        <testcase classname="src/__tests__/api-key-resolver.test.ts" name="ApiKeyResolver &gt; recordLimitHit — global store only &gt; is no-op when source is &apos;env&apos;" time="0.00252975">
        </testcase>
        <testcase classname="src/__tests__/api-key-resolver.test.ts" name="ApiKeyResolver &gt; recordLimitHit — global store only &gt; is no-op when keyId not found in global entries" time="0.054452334">
        </testcase>
        <testcase classname="src/__tests__/api-key-resolver.test.ts" name="ApiKeyResolver &gt; recordInvalidKey — global store only &gt; sets invalidAt and rotates to next key when source is global" time="0.08302775">
        </testcase>
        <testcase classname="src/__tests__/api-key-resolver.test.ts" name="ApiKeyResolver &gt; recordInvalidKey — global store only &gt; is no-op when source is env" time="0.005453291">
        </testcase>
        <testcase classname="src/__tests__/api-key-resolver.test.ts" name="ApiKeyResolver &gt; clearLimitHit — global store only &gt; clears limitHitAt in global store when source is &apos;global&apos;" time="0.077122667">
        </testcase>
        <testcase classname="src/__tests__/api-key-resolver.test.ts" name="ApiKeyResolver &gt; clearLimitHit — global store only &gt; also clears invalidAt for invalid-marked keys" time="0.020216125">
        </testcase>
        <testcase classname="src/__tests__/api-key-resolver.test.ts" name="ApiKeyResolver &gt; clearLimitHit — global store only &gt; defaults to global store when source is omitted" time="0.027299667">
        </testcase>
        <testcase classname="src/__tests__/api-key-resolver.test.ts" name="ApiKeyResolver &gt; clearLimitHit — global store only &gt; is no-op when keyId is ENV_FALLBACK_KEY_ID" time="0.001913542">
        </testcase>
        <testcase classname="src/__tests__/api-key-resolver.test.ts" name="ApiKeyResolver &gt; clearLimitHit — global store only &gt; is no-op when source is &apos;env&apos;" time="0.0047075">
        </testcase>
        <testcase classname="src/__tests__/api-key-resolver.test.ts" name="ApiKeyResolver &gt; clearLimitHit — global store only &gt; is no-op when provider has no apiKeys in global store" time="0.055406208">
        </testcase>
        <testcase classname="src/__tests__/api-key-resolver.test.ts" name="ApiKeyResolver &gt; thread-safe updates &gt; concurrent recordLimitHit on global keys serialized correctly" time="0.054236208">
        </testcase>
        <testcase classname="src/__tests__/api-key-resolver.test.ts" name="ApiKeyResolver &gt; key rotation &gt; rotates through global keys" time="0.076246833">
        </testcase>
        <testcase classname="src/__tests__/api-key-resolver.test.ts" name="ApiKeyResolver &gt; CURSOR_API_KEY provider &gt; works for CURSOR_API_KEY provider with global store" time="0.027248833">
        </testcase>
        <testcase classname="src/__tests__/api-key-resolver.test.ts" name="ApiKeyResolver &gt; CURSOR_API_KEY provider &gt; falls back to env for CURSOR_API_KEY when global has none" time="0.027530125">
        </testcase>
    </testsuite>
    <testsuite name="src/__tests__/app-db-sqlite.test.ts" timestamp="2026-03-13T16:11:54.997Z" hostname="todd.local" tests="4" failures="0" errors="0" skipped="4" time="0">
        <testcase classname="src/__tests__/app-db-sqlite.test.ts" name="initAppDb (SQLite) &gt; initializes with in-memory SQLite and runs schema" time="0">
            <skipped/>
        </testcase>
        <testcase classname="src/__tests__/app-db-sqlite.test.ts" name="initAppDb (SQLite) &gt; runWrite runs in transaction and commits" time="0">
            <skipped/>
        </testcase>
        <testcase classname="src/__tests__/app-db-sqlite.test.ts" name="initAppDb (SQLite) &gt; converts $1 $2 placeholders to ? for SQLite" time="0">
            <skipped/>
        </testcase>
        <testcase classname="src/__tests__/app-db-sqlite.test.ts" name="initAppDb (SQLite) &gt; allows non-SELECT statements through query() without throwing" time="0">
            <skipped/>
        </testcase>
    </testsuite>
    <testsuite name="src/__tests__/app.test.ts" timestamp="2026-03-13T16:11:54.997Z" hostname="todd.local" tests="4" failures="0" errors="0" skipped="0" time="0.111159209">
        <testcase classname="src/__tests__/app.test.ts" name="App &gt; should respond to health check at /health" time="0.014890333">
        </testcase>
        <testcase classname="src/__tests__/app.test.ts" name="App &gt; should serve API under /api/v1 prefix" time="0.082833625">
        </testcase>
        <testcase classname="src/__tests__/app.test.ts" name="App &gt; should parse JSON request bodies" time="0.006952042">
        </testcase>
        <testcase classname="src/__tests__/app.test.ts" name="App &gt; returns 503 for DB-gated routes when database is unavailable" time="0.005635833">
            <system-err>
[error-handler] Request error {&quot;message&quot;:&quot;The database server could not be reached; make sure PostgreSQL is running and the host and port in your settings are correct.&quot;,&quot;stack&quot;:&quot;AppError: The database server could not be reached; make sure PostgreSQL is running and the host and port in your settings are correct.\n    at /Users/todd/opensprint/packages/backend/src/__tests__/app.test.ts:76:7\n    at file:///Users/todd/opensprint/node_modules/@vitest/runner/dist/index.js:146:14\n    at file:///Users/todd/opensprint/node_modules/@vitest/runner/dist/index.js:533:11\n    at runWithTimeout (file:///Users/todd/opensprint/node_modules/@vitest/runner/dist/index.js:39:7)\n    at runTest (file:///Users/todd/opensprint/node_modules/@vitest/runner/dist/index.js:1056:17)\n    at processTicksAndRejections (node:internal/process/task_queues:105:5)\n    at runSuite (file:///Users/todd/opensprint/node_modules/@vitest/runner/dist/index.js:1205:15)\n    at runSuite (file:///Users/todd/opensprint/node_modules/@vitest/runner/dist/index.js:1205:15)\n    at runFiles (file:///Users/todd/opensprint/node_modules/@vitest/runner/dist/index.js:1262:5)\n    at startTests (file:///Users/todd/opensprint/node_modules/@vitest/runner/dist/index.js:1271:3)&quot;}

            </system-err>
        </testcase>
    </testsuite>
    <testsuite name="src/__tests__/auditor.service.test.ts" timestamp="2026-03-13T16:11:54.997Z" hostname="todd.local" tests="15" failures="0" errors="0" skipped="0" time="0.007744041">
        <testcase classname="src/__tests__/auditor.service.test.ts" name="auditor.service &gt; buildAuditorPrompt &gt; includes plan_id and epic_id in prompt" time="0.002657458">
        </testcase>
        <testcase classname="src/__tests__/auditor.service.test.ts" name="auditor.service &gt; parseAuditorResult &gt; parses success with capability_summary and tasks" time="0.000761375">
        </testcase>
        <testcase classname="src/__tests__/auditor.service.test.ts" name="auditor.service &gt; parseAuditorResult &gt; parses success with capability_summary but no tasks" time="0.000098792">
        </testcase>
        <testcase classname="src/__tests__/auditor.service.test.ts" name="auditor.service &gt; parseAuditorResult &gt; parses success from markdown code block" time="0.000074">
        </testcase>
        <testcase classname="src/__tests__/auditor.service.test.ts" name="auditor.service &gt; parseAuditorResult &gt; parses no_changes_needed" time="0.000072">
        </testcase>
        <testcase classname="src/__tests__/auditor.service.test.ts" name="auditor.service &gt; parseAuditorResult &gt; returns null for invalid JSON" time="0.000099625">
        </testcase>
        <testcase classname="src/__tests__/auditor.service.test.ts" name="auditor.service &gt; parseAuditorResult &gt; parses failed status" time="0.000070125">
        </testcase>
        <testcase classname="src/__tests__/auditor.service.test.ts" name="auditor.service &gt; parseAuditorResult &gt; treats success without capability_summary as no_changes_needed" time="0.000057542">
        </testcase>
        <testcase classname="src/__tests__/auditor.service.test.ts" name="auditor.service &gt; parseAuditorResult &gt; treats success with empty tasks as no_changes_needed" time="0.000315584">
        </testcase>
        <testcase classname="src/__tests__/auditor.service.test.ts" name="auditor.service &gt; parseAuditorResult &gt; clamps priority to 0-4" time="0.000134917">
        </testcase>
        <testcase classname="src/__tests__/auditor.service.test.ts" name="auditor.service &gt; parseAuditorResult &gt; accepts camelCase dependsOn from Planner (aligns with API validation)" time="0.000505125">
        </testcase>
        <testcase classname="src/__tests__/auditor.service.test.ts" name="auditor.service &gt; parseAuditorResult &gt; parses complexity (1-10) when provided as integer" time="0.000100667">
        </testcase>
        <testcase classname="src/__tests__/auditor.service.test.ts" name="auditor.service &gt; parseAuditorResult &gt; omits complexity when legacy string (simple/low/complex/high) is provided" time="0.000287875">
        </testcase>
        <testcase classname="src/__tests__/auditor.service.test.ts" name="auditor.service &gt; parseAuditorResult &gt; omits complexity when invalid or absent" time="0.000771542">
        </testcase>
        <testcase classname="src/__tests__/auditor.service.test.ts" name="auditor.service &gt; parseAuditorResult &gt; accepts task_list (snake_case) and task_title, task_description, task_priority" time="0.000543875">
        </testcase>
    </testsuite>
    <testsuite name="src/__tests__/blocked-auto-retry.service.test.ts" timestamp="2026-03-13T16:11:54.998Z" hostname="todd.local" tests="5" failures="0" errors="0" skipped="0" time="0.007894334">
        <testcase classname="src/__tests__/blocked-auto-retry.service.test.ts" name="BlockedAutoRetryService &gt; runBlockedAutoRetryPass &gt; unblocks tasks blocked by technical errors and sets last_auto_retry_at" time="0.002225625">
        </testcase>
        <testcase classname="src/__tests__/blocked-auto-retry.service.test.ts" name="BlockedAutoRetryService &gt; runBlockedAutoRetryPass &gt; does not retry when no eligible tasks" time="0.000221083">
        </testcase>
        <testcase classname="src/__tests__/blocked-auto-retry.service.test.ts" name="BlockedAutoRetryService &gt; runBlockedAutoRetryPass &gt; continues when one project fails" time="0.004192625">
            <system-err>
[blocked-auto-retry] Auto-retry pass failed for project {&quot;projectId&quot;:&quot;proj-fail&quot;,&quot;err&quot;:&quot;db error&quot;}

            </system-err>
        </testcase>
        <testcase classname="src/__tests__/blocked-auto-retry.service.test.ts" name="BlockedAutoRetryService &gt; startBlockedAutoRetry and stopBlockedAutoRetry &gt; start and stop without error" time="0.000162333">
        </testcase>
        <testcase classname="src/__tests__/blocked-auto-retry.service.test.ts" name="BlockedAutoRetryService &gt; startBlockedAutoRetry and stopBlockedAutoRetry &gt; start is idempotent (does not start twice)" time="0.0002545">
        </testcase>
    </testsuite>
    <testsuite name="src/__tests__/branch-manager.test.ts" timestamp="2026-03-13T16:11:54.999Z" hostname="todd.local" tests="44" failures="0" errors="0" skipped="0" time="39.105269333">
        <testcase classname="src/__tests__/branch-manager.test.ts" name="BranchManager &gt; commitWip &gt; should return false when there are no uncommitted changes" time="0.274267125">
        </testcase>
        <testcase classname="src/__tests__/branch-manager.test.ts" name="BranchManager &gt; commitWip &gt; should create WIP commit and return true when there are uncommitted changes" time="0.505187416">
        </testcase>
        <testcase classname="src/__tests__/branch-manager.test.ts" name="BranchManager &gt; commitWip &gt; should handle modified files" time="0.478958667">
        </testcase>
        <testcase classname="src/__tests__/branch-manager.test.ts" name="BranchManager &gt; commitWip &gt; should return false and not throw when git fails (e.g. not a repo)" time="0.008145709">
        </testcase>
        <testcase classname="src/__tests__/branch-manager.test.ts" name="BranchManager &gt; commitWip &gt; should create WIP commit on task branch (agent termination scenario)" time="0.599217959">
        </testcase>
        <testcase classname="src/__tests__/branch-manager.test.ts" name="BranchManager &gt; checkDependencyIntegrity &gt; skips dependency checks when root package.json is missing" time="0.005649042">
        </testcase>
        <testcase classname="src/__tests__/branch-manager.test.ts" name="BranchManager &gt; checkDependencyIntegrity &gt; uses workspace npm ls and does not repair healthy dependencies" time="0.01116975">
        </testcase>
        <testcase classname="src/__tests__/branch-manager.test.ts" name="BranchManager &gt; checkDependencyIntegrity &gt; uses non-workspace npm ls for single-package repos" time="0.006512625">
        </testcase>
        <testcase classname="src/__tests__/branch-manager.test.ts" name="BranchManager &gt; checkDependencyIntegrity &gt; attempts one npm ci repair when initial health check fails" time="0.003803834">
        </testcase>
        <testcase classname="src/__tests__/branch-manager.test.ts" name="BranchManager &gt; checkDependencyIntegrity &gt; throws RepoPreflightError with remediation when health stays invalid" time="0.005204042">
            <system-err>
[branch-manager] Dependency repair command failed {&quot;repoPath&quot;:&quot;/var/folders/63/x5pqqrr97890ppg92y81t4qc0000gn/T/opensprint-branch-test-1773418152279&quot;,&quot;command&quot;:&quot;npm ci&quot;,&quot;context&quot;:&quot;dependency integrity check failed&quot;,&quot;err&quot;:&quot;npm ci failed&quot;}

            </system-err>
        </testcase>
        <testcase classname="src/__tests__/branch-manager.test.ts" name="BranchManager &gt; rebaseContinue &gt; treats &apos;no rebase in progress&apos; as already complete" time="0.327181542">
        </testcase>
        <testcase classname="src/__tests__/branch-manager.test.ts" name="BranchManager &gt; rebaseContinue &gt; throws RebaseConflictError when the next commit conflicts during rebase --continue" time="1.037714791">
        </testcase>
        <testcase classname="src/__tests__/branch-manager.test.ts" name="BranchManager &gt; captureBranchDiff &gt; should capture diff between main and a branch without checkout" time="0.477468917">
        </testcase>
        <testcase classname="src/__tests__/branch-manager.test.ts" name="BranchManager &gt; captureBranchDiff &gt; should return empty string for non-existent branch" time="0.289879958">
        </testcase>
        <testcase classname="src/__tests__/branch-manager.test.ts" name="BranchManager &gt; syncMainWithOrigin &gt; fast-forwards main when origin/main is ahead" time="1.204230916">
        </testcase>
        <testcase classname="src/__tests__/branch-manager.test.ts" name="BranchManager &gt; syncMainWithOrigin &gt; preserves local main commits when local main is ahead" time="0.824453833">
        </testcase>
        <testcase classname="src/__tests__/branch-manager.test.ts" name="BranchManager &gt; captureUncommittedDiff &gt; should capture uncommitted changes in working tree" time="0.364259917">
        </testcase>
        <testcase classname="src/__tests__/branch-manager.test.ts" name="BranchManager &gt; captureUncommittedDiff &gt; should return empty string when no uncommitted changes" time="0.413812333">
        </testcase>
        <testcase classname="src/__tests__/branch-manager.test.ts" name="BranchManager &gt; captureUncommittedDiff &gt; should capture staged changes" time="0.481778125">
        </testcase>
        <testcase classname="src/__tests__/branch-manager.test.ts" name="BranchManager &gt; captureUncommittedDiff &gt; should return empty string for non-git path" time="0.004476875">
        </testcase>
        <testcase classname="src/__tests__/branch-manager.test.ts" name="BranchManager &gt; worktree operations &gt; should create and return a worktree path" time="1.052545833">
            <system-err>
[branch-manager] Skipping root node_modules symlink: does not exist {&quot;srcRoot&quot;:&quot;/var/folders/63/x5pqqrr97890ppg92y81t4qc0000gn/T/opensprint-branch-test-1773418157710/node_modules&quot;,&quot;reason&quot;:&quot;no package.json or npm ci failed&quot;}

            </system-err>
        </testcase>
        <testcase classname="src/__tests__/branch-manager.test.ts" name="BranchManager &gt; worktree operations &gt; bootstraps an initial commit before creating a worktree for a legacy repo with no HEAD" time="1.195252916">
            <system-err>
[branch-manager] Skipping root node_modules symlink: does not exist {&quot;srcRoot&quot;:&quot;/var/folders/63/x5pqqrr97890ppg92y81t4qc0000gn/T/opensprint-branch-test-1773418158762/node_modules&quot;,&quot;reason&quot;:&quot;no package.json or npm ci failed&quot;}

            </system-err>
        </testcase>
        <testcase classname="src/__tests__/branch-manager.test.ts" name="BranchManager &gt; worktree operations &gt; refuses to treat the main repo checkout as a disposable worktree" time="0.443168375">
        </testcase>
        <testcase classname="src/__tests__/branch-manager.test.ts" name="BranchManager &gt; worktree operations &gt; should remove a worktree cleanly" time="1.014028125">
            <system-err>
[branch-manager] Skipping root node_modules symlink: does not exist {&quot;srcRoot&quot;:&quot;/var/folders/63/x5pqqrr97890ppg92y81t4qc0000gn/T/opensprint-branch-test-1773418160401/node_modules&quot;,&quot;reason&quot;:&quot;no package.json or npm ci failed&quot;}

            </system-err>
        </testcase>
        <testcase classname="src/__tests__/branch-manager.test.ts" name="BranchManager &gt; worktree operations &gt; should handle removing a non-existent worktree gracefully" time="0.394280083">
        </testcase>
        <testcase classname="src/__tests__/branch-manager.test.ts" name="BranchManager &gt; worktree operations &gt; refuses to delete the repo root when passed as an unsafe worktree path" time="0.353134292">
            <system-err>
[branch-manager] Refusing unsafe worktree cleanup target {&quot;taskId&quot;:&quot;wt-unsafe-1773418162075&quot;,&quot;candidatePath&quot;:&quot;/var/folders/63/x5pqqrr97890ppg92y81t4qc0000gn/T/opensprint-branch-test-1773418161809&quot;,&quot;err&quot;:&quot;Refusing to remove unregistered worktree path: Refusing to treat the repository root as a disposable worktree: /private/var/folders/63/x5pqqrr97890ppg92y81t4qc0000gn/T/opensprint-branch-test-1773418161809&quot;}

            </system-err>
        </testcase>
        <testcase classname="src/__tests__/branch-manager.test.ts" name="BranchManager &gt; worktree operations &gt; should treat an unregistered task worktree as a no-op cleanup" time="1.0034755">
            <system-err>
[branch-manager] Skipping root node_modules symlink: does not exist {&quot;srcRoot&quot;:&quot;/var/folders/63/x5pqqrr97890ppg92y81t4qc0000gn/T/opensprint-branch-test-1773418162162/node_modules&quot;,&quot;reason&quot;:&quot;no package.json or npm ci failed&quot;}

            </system-err>
        </testcase>
        <testcase classname="src/__tests__/branch-manager.test.ts" name="BranchManager &gt; worktree operations &gt; listTaskWorktrees returns worktrees under base path" time="1.156970625">
            <system-err>
[branch-manager] Skipping root node_modules symlink: does not exist {&quot;srcRoot&quot;:&quot;/var/folders/63/x5pqqrr97890ppg92y81t4qc0000gn/T/opensprint-branch-test-1773418163166/node_modules&quot;,&quot;reason&quot;:&quot;no package.json or npm ci failed&quot;}

            </system-err>
        </testcase>
        <testcase classname="src/__tests__/branch-manager.test.ts" name="BranchManager &gt; worktree operations &gt; pruneOrphanWorktrees removes worktrees for closed tasks" time="1.063952709">
            <system-err>
[branch-manager] Skipping root node_modules symlink: does not exist {&quot;srcRoot&quot;:&quot;/var/folders/63/x5pqqrr97890ppg92y81t4qc0000gn/T/opensprint-branch-test-1773418164323/node_modules&quot;,&quot;reason&quot;:&quot;no package.json or npm ci failed&quot;}

            </system-err>
        </testcase>
        <testcase classname="src/__tests__/branch-manager.test.ts" name="BranchManager &gt; worktree operations &gt; pruneOrphanWorktrees skips excluded and in-progress tasks" time="2.240109375">
            <system-err>
[branch-manager] Skipping root node_modules symlink: does not exist {&quot;srcRoot&quot;:&quot;/var/folders/63/x5pqqrr97890ppg92y81t4qc0000gn/T/opensprint-branch-test-1773418165387/node_modules&quot;,&quot;reason&quot;:&quot;no package.json or npm ci failed&quot;}

            </system-err>
        </testcase>
        <testcase classname="src/__tests__/branch-manager.test.ts" name="BranchManager &gt; worktree operations &gt; should replace a stale worktree when creating" time="1.695308541">
            <system-err>
[branch-manager] Skipping root node_modules symlink: does not exist {&quot;srcRoot&quot;:&quot;/var/folders/63/x5pqqrr97890ppg92y81t4qc0000gn/T/opensprint-branch-test-1773418167627/node_modules&quot;,&quot;reason&quot;:&quot;no package.json or npm ci failed&quot;}

[branch-manager] Skipping root node_modules symlink: does not exist {&quot;srcRoot&quot;:&quot;/var/folders/63/x5pqqrr97890ppg92y81t4qc0000gn/T/opensprint-branch-test-1773418167627/node_modules&quot;,&quot;reason&quot;:&quot;no package.json or npm ci failed&quot;}

            </system-err>
        </testcase>
        <testcase classname="src/__tests__/branch-manager.test.ts" name="BranchManager &gt; worktree operations &gt; throws WorktreeBranchInUseError when branch is in another path with active heartbeat" time="1.956658292">
            <system-err>
[branch-manager] Skipping root node_modules symlink: does not exist {&quot;srcRoot&quot;:&quot;/var/folders/63/x5pqqrr97890ppg92y81t4qc0000gn/T/opensprint-branch-test-1773418169322/node_modules&quot;,&quot;reason&quot;:&quot;no package.json or npm ci failed&quot;}

            </system-err>
        </testcase>
        <testcase classname="src/__tests__/branch-manager.test.ts" name="BranchManager &gt; worktree operations &gt; should merge branch to main via mergeToMain" time="1.821266333">
            <system-err>
[branch-manager] Skipping root node_modules symlink: does not exist {&quot;srcRoot&quot;:&quot;/var/folders/63/x5pqqrr97890ppg92y81t4qc0000gn/T/opensprint-branch-test-1773418171279/node_modules&quot;,&quot;reason&quot;:&quot;no package.json or npm ci failed&quot;}

            </system-err>
        </testcase>
        <testcase classname="src/__tests__/branch-manager.test.ts" name="BranchManager &gt; worktree operations &gt; should create task worktree from custom baseBranch develop" time="1.647727541">
            <system-err>
[branch-manager] Skipping root node_modules symlink: does not exist {&quot;srcRoot&quot;:&quot;/var/folders/63/x5pqqrr97890ppg92y81t4qc0000gn/T/opensprint-branch-test-1773418173100/node_modules&quot;,&quot;reason&quot;:&quot;no package.json or npm ci failed&quot;}

            </system-err>
        </testcase>
        <testcase classname="src/__tests__/branch-manager.test.ts" name="BranchManager &gt; worktree operations &gt; epic: first task creates epic branch and worktree at getWorktreePath(epic_&lt;id&gt;)" time="1.166821167">
            <system-err>
[branch-manager] Skipping root node_modules symlink: does not exist {&quot;srcRoot&quot;:&quot;/var/folders/63/x5pqqrr97890ppg92y81t4qc0000gn/T/opensprint-branch-test-1773418174748/node_modules&quot;,&quot;reason&quot;:&quot;no package.json or npm ci failed&quot;}

            </system-err>
        </testcase>
        <testcase classname="src/__tests__/branch-manager.test.ts" name="BranchManager &gt; worktree operations &gt; epic: second task reuses same worktree and branch" time="1.635356833">
            <system-err>
[branch-manager] Skipping root node_modules symlink: does not exist {&quot;srcRoot&quot;:&quot;/var/folders/63/x5pqqrr97890ppg92y81t4qc0000gn/T/opensprint-branch-test-1773418175915/node_modules&quot;,&quot;reason&quot;:&quot;no package.json or npm ci failed&quot;}

[branch-manager] Skipping root node_modules symlink: does not exist {&quot;srcRoot&quot;:&quot;/var/folders/63/x5pqqrr97890ppg92y81t4qc0000gn/T/opensprint-branch-test-1773418175915/node_modules&quot;,&quot;reason&quot;:&quot;no package.json or npm ci failed&quot;}

            </system-err>
        </testcase>
        <testcase classname="src/__tests__/branch-manager.test.ts" name="BranchManager &gt; worktree operations &gt; epic: removeTaskWorktree cleans epic worktree by key and optional actualPath" time="1.258611833">
            <system-err>
[branch-manager] Skipping root node_modules symlink: does not exist {&quot;srcRoot&quot;:&quot;/var/folders/63/x5pqqrr97890ppg92y81t4qc0000gn/T/opensprint-branch-test-1773418177550/node_modules&quot;,&quot;reason&quot;:&quot;no package.json or npm ci failed&quot;}

            </system-err>
        </testcase>
        <testcase classname="src/__tests__/branch-manager.test.ts" name="BranchManager &gt; worktree operations &gt; epic: removeTaskWorktree with actualPath cleans epic worktree when path is passed" time="1.246579416">
            <system-err>
[branch-manager] Skipping root node_modules symlink: does not exist {&quot;srcRoot&quot;:&quot;/var/folders/63/x5pqqrr97890ppg92y81t4qc0000gn/T/opensprint-branch-test-1773418178809/node_modules&quot;,&quot;reason&quot;:&quot;no package.json or npm ci failed&quot;}

            </system-err>
        </testcase>
        <testcase classname="src/__tests__/branch-manager.test.ts" name="BranchManager &gt; pushMain squash commit message &gt; should use Closed format when squashing commits that include a merge commit" time="1.431988625">
        </testcase>
        <testcase classname="src/__tests__/branch-manager.test.ts" name="BranchManager &gt; pushMain squash commit message &gt; should normalize long title to ~45 chars when squashing Closed commit" time="1.4648575">
        </testcase>
        <testcase classname="src/__tests__/branch-manager.test.ts" name="BranchManager &gt; pushMain squash commit message &gt; should fall back to generic message when no Closed commit exists" time="1.584198167">
        </testcase>
        <testcase classname="src/__tests__/branch-manager.test.ts" name="BranchManager &gt; pushMain squash commit message &gt; should use Closed format when deriving from merge commit (no Closed message)" time="1.526767958">
        </testcase>
        <testcase classname="src/__tests__/branch-manager.test.ts" name="BranchManager &gt; pushMain squash commit message &gt; should truncate long title to ~45 chars when deriving from merge commit" time="1.914748583">
        </testcase>
        <testcase classname="src/__tests__/branch-manager.test.ts" name="BranchManager &gt; rebaseContinue &gt; throws RebaseConflictError when next commit conflicts during rebase --continue" time="1.511241375">
        </testcase>
    </testsuite>
    <testsuite name="src/__tests__/build-route.test.ts" timestamp="2026-03-13T16:11:55.005Z" hostname="todd.local" tests="7" failures="0" errors="0" skipped="0" time="14.244296209">
        <testcase classname="src/__tests__/build-route.test.ts" name="Execute API &gt; GET /projects/:projectId/execute/status &gt; should return orchestrator status for existing project" time="2.006683708">
        </testcase>
        <testcase classname="src/__tests__/build-route.test.ts" name="Execute API &gt; GET /projects/:projectId/execute/status &gt; should return 404 for non-existent project" time="2.246237583">
        </testcase>
        <testcase classname="src/__tests__/build-route.test.ts" name="Execute API &gt; GET /projects/:projectId/execute/status &gt; returns selfImprovementRunInProgress true only while a self-improvement run is active" time="2.315848834">
        </testcase>
        <testcase classname="src/__tests__/build-route.test.ts" name="Execute API &gt; GET /projects/:projectId/execute/tasks/:taskId/output &gt; returns empty output when no task is running" time="2.047629042">
        </testcase>
        <testcase classname="src/__tests__/build-route.test.ts" name="Execute API &gt; GET /projects/:projectId/execute/tasks/:taskId/output &gt; returns 404 for non-existent project" time="2.407012125">
        </testcase>
        <testcase classname="src/__tests__/build-route.test.ts" name="Execute API &gt; POST /projects/:projectId/execute/nudge &gt; should accept nudge and return status" time="1.696667084">
        </testcase>
        <testcase classname="src/__tests__/build-route.test.ts" name="Execute API &gt; POST /projects/:projectId/execute/nudge &gt; should return 404 for non-existent project" time="1.523164917">
            <system-err>
[orchestrator-loop] Orchestrator loop error for project nonexistent-id {&quot;error&quot;:{&quot;statusCode&quot;:404,&quot;code&quot;:&quot;PROJECT_NOT_FOUND&quot;,&quot;details&quot;:{&quot;projectId&quot;:&quot;nonexistent-id&quot;},&quot;name&quot;:&quot;AppError&quot;}}

            </system-err>
        </testcase>
    </testsuite>
    <testsuite name="src/__tests__/chat-route.test.ts" timestamp="2026-03-13T16:11:55.005Z" hostname="todd.local" tests="27" failures="0" errors="0" skipped="0" time="57.550454875">
        <testcase classname="src/__tests__/chat-route.test.ts" name="Chat REST API &gt; GET /projects/:id/chat/history should return empty conversation when none exists" time="1.295514125">
        </testcase>
        <testcase classname="src/__tests__/chat-route.test.ts" name="Chat REST API &gt; GET /projects/:id/chat/history should accept context query param" time="1.308014916">
        </testcase>
        <testcase classname="src/__tests__/chat-route.test.ts" name="Chat REST API &gt; Plan chat with PLAN_UPDATE only shows &apos;Plan updated&apos; in response and history" time="1.64326325">
        </testcase>
        <testcase classname="src/__tests__/chat-route.test.ts" name="Chat REST API &gt; Plan chat with PLAN_UPDATE returns planUpdate for client to apply (versioning)" time="1.744848792">
        </testcase>
        <testcase classname="src/__tests__/chat-route.test.ts" name="Chat REST API &gt; Plan chat with PLAN_UPDATE plus text shows only the text in chat" time="1.619896917">
        </testcase>
        <testcase classname="src/__tests__/chat-route.test.ts" name="Chat REST API &gt; Plan chat messages persist and are returned by GET history" time="1.549111666">
        </testcase>
        <testcase classname="src/__tests__/chat-route.test.ts" name="Chat REST API &gt; GET /projects/:id/chat/history returns seeded draft plan conversation" time="1.399446292">
        </testcase>
        <testcase classname="src/__tests__/chat-route.test.ts" name="Chat REST API &gt; plan-draft chat answer can create a final plan and return planGenerated metadata" time="3.024767166">
        </testcase>
        <testcase classname="src/__tests__/chat-route.test.ts" name="Chat REST API &gt; plan-draft chat answer can ask more questions without creating a plan" time="1.594696375">
        </testcase>
        <testcase classname="src/__tests__/chat-route.test.ts" name="Chat REST API &gt; POST /projects/:id/chat should send message and return agent response" time="1.784196833">
            <system-err>
[open-question-autoresolve] Open-question auto-respond failed {&quot;projectId&quot;:&quot;1f268be2-153d-43b2-95d1-61e5cd108439&quot;,&quot;notificationId&quot;:&quot;oq-a6efcd55&quot;,&quot;source&quot;:&quot;plan&quot;,&quot;err&quot;:{&quot;statusCode&quot;:400,&quot;code&quot;:&quot;DECOMPOSE_PARSE_FAILED&quot;,&quot;details&quot;:{&quot;responsePreview&quot;:&quot;I&apos;d be happy to help you design your product. What are your main goals?&quot;},&quot;name&quot;:&quot;AppError&quot;}}

            </system-err>
        </testcase>
        <testcase classname="src/__tests__/chat-route.test.ts" name="Chat REST API &gt; POST /projects/:id/chat passes body.images to invokePlanningAgent when present" time="2.572221459">
        </testcase>
        <testcase classname="src/__tests__/chat-route.test.ts" name="Chat REST API &gt; POST execute chat stores message with task context and does not invoke planning agent" time="2.091745833">
        </testcase>
        <testcase classname="src/__tests__/chat-route.test.ts" name="Chat REST API &gt; POST /chat should parse PRD_UPDATE blocks from agent response and apply to PRD" time="1.616391875">
        </testcase>
        <testcase classname="src/__tests__/chat-route.test.ts" name="Chat REST API &gt; POST /chat empty-state: first message generates AI initial PRD with multiple sections" time="1.911994667">
            <system-err>
[git-commit-queue] Job failed {&quot;jobType&quot;:&quot;prd_update&quot;,&quot;attempt&quot;:1,&quot;maxRetries&quot;:2,&quot;err&quot;:{&quot;code&quot;:128,&quot;killed&quot;:false,&quot;signal&quot;:null,&quot;cmd&quot;:&quot;git add SPEC.md &amp;&amp; git commit -m \&quot;prd: Sketch session update\&quot;&quot;,&quot;stdout&quot;:&quot;&quot;,&quot;stderr&quot;:&quot;fatal: Unable to read current working directory: No such file or directory\n&quot;}}

[git-commit-queue] Job failed {&quot;jobType&quot;:&quot;prd_update&quot;,&quot;attempt&quot;:2,&quot;maxRetries&quot;:2,&quot;err&quot;:{&quot;errno&quot;:-2,&quot;code&quot;:&quot;ENOENT&quot;,&quot;syscall&quot;:&quot;spawn /bin/zsh&quot;,&quot;path&quot;:&quot;/bin/zsh&quot;,&quot;spawnargs&quot;:[&quot;-c&quot;,&quot;git add SPEC.md &amp;&amp; git commit -m \&quot;prd: Sketch session update\&quot;&quot;],&quot;cmd&quot;:&quot;git add SPEC.md &amp;&amp; git commit -m \&quot;prd: Sketch session update\&quot;&quot;,&quot;stdout&quot;:&quot;&quot;,&quot;stderr&quot;:&quot;&quot;}}

            </system-err>
        </testcase>
        <testcase classname="src/__tests__/chat-route.test.ts" name="Chat REST API &gt; POST /chat should handle multiple PRD_UPDATE blocks in one response" time="1.6885705">
            <system-err>
[git-commit-queue] Job failed {&quot;jobType&quot;:&quot;prd_update&quot;,&quot;attempt&quot;:1,&quot;maxRetries&quot;:2,&quot;err&quot;:{&quot;code&quot;:128,&quot;killed&quot;:false,&quot;signal&quot;:null,&quot;cmd&quot;:&quot;git add SPEC.md &amp;&amp; git commit -m \&quot;prd: Sketch session update\&quot;&quot;,&quot;stdout&quot;:&quot;&quot;,&quot;stderr&quot;:&quot;fatal: Unable to read current working directory: No such file or directory\n&quot;}}

[git-commit-queue] Job failed {&quot;jobType&quot;:&quot;prd_update&quot;,&quot;attempt&quot;:2,&quot;maxRetries&quot;:2,&quot;err&quot;:{&quot;errno&quot;:-2,&quot;code&quot;:&quot;ENOENT&quot;,&quot;syscall&quot;:&quot;spawn /bin/zsh&quot;,&quot;path&quot;:&quot;/bin/zsh&quot;,&quot;spawnargs&quot;:[&quot;-c&quot;,&quot;git add SPEC.md &amp;&amp; git commit -m \&quot;prd: Sketch session update\&quot;&quot;],&quot;cmd&quot;:&quot;git add SPEC.md &amp;&amp; git commit -m \&quot;prd: Sketch session update\&quot;&quot;,&quot;stdout&quot;:&quot;&quot;,&quot;stderr&quot;:&quot;&quot;}}

            </system-err>
        </testcase>
        <testcase classname="src/__tests__/chat-route.test.ts" name="Chat REST API &gt; POST /chat should return message without prdChanges when agent response has no PRD_UPDATE blocks" time="1.740062958">
            <system-err>
[git-commit-queue] Job failed {&quot;jobType&quot;:&quot;prd_update&quot;,&quot;attempt&quot;:1,&quot;maxRetries&quot;:2,&quot;err&quot;:{&quot;errno&quot;:-2,&quot;code&quot;:&quot;ENOENT&quot;,&quot;syscall&quot;:&quot;spawn /bin/zsh&quot;,&quot;path&quot;:&quot;/bin/zsh&quot;,&quot;spawnargs&quot;:[&quot;-c&quot;,&quot;git add SPEC.md &amp;&amp; git commit -m \&quot;prd: Sketch session update\&quot;&quot;],&quot;cmd&quot;:&quot;git add SPEC.md &amp;&amp; git commit -m \&quot;prd: Sketch session update\&quot;&quot;,&quot;stdout&quot;:&quot;&quot;,&quot;stderr&quot;:&quot;&quot;}}
[git-commit-queue] Job failed {&quot;jobType&quot;:&quot;prd_update&quot;,&quot;attempt&quot;:2,&quot;maxRetries&quot;:2,&quot;err&quot;:{&quot;errno&quot;:-2,&quot;code&quot;:&quot;ENOENT&quot;,&quot;syscall&quot;:&quot;spawn /bin/zsh&quot;,&quot;path&quot;:&quot;/bin/zsh&quot;,&quot;spawnargs&quot;:[&quot;-c&quot;,&quot;git add SPEC.md &amp;&amp; git commit -m \&quot;prd: Sketch session update\&quot;&quot;],&quot;cmd&quot;:&quot;git add SPEC.md &amp;&amp; git commit -m \&quot;prd: Sketch session update\&quot;&quot;,&quot;stdout&quot;:&quot;&quot;,&quot;stderr&quot;:&quot;&quot;}}

            </system-err>
        </testcase>
        <testcase classname="src/__tests__/chat-route.test.ts" name="Chat REST API &gt; POST /chat persists Sketch agent dynamic sections (e.g. competitive_landscape); visible after refresh" time="1.944062042">
        </testcase>
        <testcase classname="src/__tests__/chat-route.test.ts" name="Chat REST API &gt; POST /chat applies PRD_UPDATE and creates SPEC.md when file was missing (e.g. adopted repo)" time="1.69509825">
            <system-err>
[git-commit-queue] Job failed {&quot;jobType&quot;:&quot;prd_update&quot;,&quot;attempt&quot;:1,&quot;maxRetries&quot;:2,&quot;err&quot;:{&quot;errno&quot;:-2,&quot;code&quot;:&quot;ENOENT&quot;,&quot;syscall&quot;:&quot;spawn /bin/zsh&quot;,&quot;path&quot;:&quot;/bin/zsh&quot;,&quot;spawnargs&quot;:[&quot;-c&quot;,&quot;git add SPEC.md &amp;&amp; git commit -m \&quot;prd: Sketch session update\&quot;&quot;],&quot;cmd&quot;:&quot;git add SPEC.md &amp;&amp; git commit -m \&quot;prd: Sketch session update\&quot;&quot;,&quot;stdout&quot;:&quot;&quot;,&quot;stderr&quot;:&quot;&quot;}}
[git-commit-queue] Job failed {&quot;jobType&quot;:&quot;prd_update&quot;,&quot;attempt&quot;:2,&quot;maxRetries&quot;:2,&quot;err&quot;:{&quot;errno&quot;:-2,&quot;code&quot;:&quot;ENOENT&quot;,&quot;syscall&quot;:&quot;spawn /bin/zsh&quot;,&quot;path&quot;:&quot;/bin/zsh&quot;,&quot;spawnargs&quot;:[&quot;-c&quot;,&quot;git add SPEC.md &amp;&amp; git commit -m \&quot;prd: Sketch session update\&quot;&quot;],&quot;cmd&quot;:&quot;git add SPEC.md &amp;&amp; git commit -m \&quot;prd: Sketch session update\&quot;&quot;,&quot;stdout&quot;:&quot;&quot;,&quot;stderr&quot;:&quot;&quot;}}

            </system-err>
        </testcase>
[...]
        <testcase classname="src/__tests__/workflow-engine.service.test.ts" name="WorkflowEngineService &gt; validate &gt; should accept the default workflow" time="0.018203166">
        </testcase>
        <testcase classname="src/__tests__/workflow-engine.service.test.ts" name="WorkflowEngineService &gt; validate &gt; should reject empty steps" time="0.017104708">
        </testcase>
        <testcase classname="src/__tests__/workflow-engine.service.test.ts" name="WorkflowEngineService &gt; validate &gt; should reject duplicate step IDs" time="0.013993791">
        </testcase>
        <testcase classname="src/__tests__/workflow-engine.service.test.ts" name="WorkflowEngineService &gt; validate &gt; should reject references to non-existent steps" time="0.010595458">
        </testcase>
        <testcase classname="src/__tests__/workflow-engine.service.test.ts" name="WorkflowEngineService &gt; validate &gt; should detect simple cycles (A → B → A)" time="0.018337375">
        </testcase>
        <testcase classname="src/__tests__/workflow-engine.service.test.ts" name="WorkflowEngineService &gt; validate &gt; should detect transitive cycles (A → B → C → A)" time="0.063771459">
        </testcase>
        <testcase classname="src/__tests__/workflow-engine.service.test.ts" name="WorkflowEngineService &gt; validate &gt; should accept acyclic multi-step workflows" time="0.033494875">
        </testcase>
        <testcase classname="src/__tests__/workflow-engine.service.test.ts" name="WorkflowEngineService &gt; topologicalSort &gt; should sort the default workflow correctly" time="0.027014416">
        </testcase>
        <testcase classname="src/__tests__/workflow-engine.service.test.ts" name="WorkflowEngineService &gt; topologicalSort &gt; should sort a diamond dependency graph" time="0.032535875">
        </testcase>
        <testcase classname="src/__tests__/workflow-engine.service.test.ts" name="WorkflowEngineService &gt; initExecutionState &gt; should set all steps to pending" time="0.03151775">
        </testcase>
        <testcase classname="src/__tests__/workflow-engine.service.test.ts" name="WorkflowEngineService &gt; getNextStep &gt; should return the first step when all are pending" time="0.04525025">
        </testcase>
        <testcase classname="src/__tests__/workflow-engine.service.test.ts" name="WorkflowEngineService &gt; getNextStep &gt; should return review after coding is complete" time="0.027585209">
        </testcase>
        <testcase classname="src/__tests__/workflow-engine.service.test.ts" name="WorkflowEngineService &gt; getNextStep &gt; should return merge after review is complete" time="0.025765333">
        </testcase>
        <testcase classname="src/__tests__/workflow-engine.service.test.ts" name="WorkflowEngineService &gt; getNextStep &gt; should return null when all steps are complete" time="0.038295833">
        </testcase>
        <testcase classname="src/__tests__/workflow-engine.service.test.ts" name="WorkflowEngineService &gt; getNextStep &gt; should not skip past failed dependencies" time="0.029325542">
        </testcase>
        <testcase classname="src/__tests__/workflow-engine.service.test.ts" name="WorkflowEngineService &gt; getNextStep &gt; should handle parallel steps in a diamond correctly" time="0.023650417">
        </testcase>
        <testcase classname="src/__tests__/workflow-engine.service.test.ts" name="WorkflowEngineService &gt; isComplete / isStuck &gt; should report complete when all steps are done" time="0.042530084">
        </testcase>
        <testcase classname="src/__tests__/workflow-engine.service.test.ts" name="WorkflowEngineService &gt; isComplete / isStuck &gt; should report complete when steps are completed or skipped" time="0.037248625">
        </testcase>
        <testcase classname="src/__tests__/workflow-engine.service.test.ts" name="WorkflowEngineService &gt; isComplete / isStuck &gt; should report stuck when a dependency failed" time="0.036828291">
        </testcase>
        <testcase classname="src/__tests__/workflow-engine.service.test.ts" name="WorkflowEngineService &gt; isComplete / isStuck &gt; should not report stuck when a step is in_progress" time="0.0040395">
        </testcase>
        <testcase classname="src/__tests__/workflow-engine.service.test.ts" name="WorkflowEngineService &gt; loadWorkflow &gt; should return default workflow when no file exists" time="0.01014425">
        </testcase>
        <testcase classname="src/__tests__/workflow-engine.service.test.ts" name="WorkflowEngineService &gt; loadWorkflow &gt; should load custom workflow from disk" time="0.014685083">
        </testcase>
        <testcase classname="src/__tests__/workflow-engine.service.test.ts" name="WorkflowEngineService &gt; loadWorkflow &gt; should fall back to default on invalid custom workflow" time="0.01293575">
            <system-err>
[workflow-engine] Failed to load custom legacy workflow, using default {&quot;err&quot;:{}}

            </system-err>
        </testcase>
        <testcase classname="src/__tests__/workflow-engine.service.test.ts" name="WorkflowEngineService &gt; loadWorkflow &gt; should throw on structurally invalid custom workflow" time="0.026637875">
        </testcase>
    </testsuite>
    <testsuite name="src/__tests__/wrap-async.test.ts" timestamp="2026-03-13T16:11:55.503Z" hostname="todd.local" tests="4" failures="0" errors="0" skipped="0" time="0.029381208">
        <testcase classname="src/__tests__/wrap-async.test.ts" name="wrapAsync &gt; forwards successful async handler result" time="0.0038445">
        </testcase>
        <testcase classname="src/__tests__/wrap-async.test.ts" name="wrapAsync &gt; forwards rejected promise to next(err)" time="0.011415791">
        </testcase>
        <testcase classname="src/__tests__/wrap-async.test.ts" name="wrapAsync &gt; forwards synchronous throw to next(err)" time="0.012171375">
        </testcase>
        <testcase classname="src/__tests__/wrap-async.test.ts" name="wrapAsync &gt; handles handler that returns void (no explicit return)" time="0.000896292">
        </testcase>
    </testsuite>
    <testsuite name="src/utils/__tests__/commit-message.test.ts" timestamp="2026-03-13T16:11:55.504Z" hostname="todd.local" tests="15" failures="0" errors="0" skipped="0" time="0.0193165">
        <testcase classname="src/utils/__tests__/commit-message.test.ts" name="commit-message utils &gt; truncateTitle &gt; returns title unchanged when within limit" time="0.004417375">
        </testcase>
        <testcase classname="src/utils/__tests__/commit-message.test.ts" name="commit-message utils &gt; truncateTitle &gt; returns title unchanged when exactly at limit" time="0.011979959">
        </testcase>
        <testcase classname="src/utils/__tests__/commit-message.test.ts" name="commit-message utils &gt; truncateTitle &gt; truncates at word boundary with ellipsis" time="0.000167166">
        </testcase>
        <testcase classname="src/utils/__tests__/commit-message.test.ts" name="commit-message utils &gt; truncateTitle &gt; hard-cuts when no word boundary found before limit" time="0.000101917">
        </testcase>
        <testcase classname="src/utils/__tests__/commit-message.test.ts" name="commit-message utils &gt; truncateTitle &gt; respects custom maxLen" time="0.000162375">
        </testcase>
        <testcase classname="src/utils/__tests__/commit-message.test.ts" name="commit-message utils &gt; truncateTitle &gt; handles empty string" time="0.000085542">
        </testcase>
        <testcase classname="src/utils/__tests__/commit-message.test.ts" name="commit-message utils &gt; formatClosedCommitMessage &gt; matches squash commit spec: Closed [task ID]: [task name ~45 chars]" time="0.00021875">
        </testcase>
        <testcase classname="src/utils/__tests__/commit-message.test.ts" name="commit-message utils &gt; formatClosedCommitMessage &gt; includes task ID and title" time="0.000059583">
        </testcase>
        <testcase classname="src/utils/__tests__/commit-message.test.ts" name="commit-message utils &gt; formatClosedCommitMessage &gt; truncates long titles to ~45 chars" time="0.000260666">
        </testcase>
        <testcase classname="src/utils/__tests__/commit-message.test.ts" name="commit-message utils &gt; formatClosedCommitMessage &gt; preserves short titles exactly" time="0.000120334">
        </testcase>
        <testcase classname="src/utils/__tests__/commit-message.test.ts" name="commit-message utils &gt; formatClosedCommitMessage &gt; format matches spec: Closed [task ID]: [task name ~45 chars]" time="0.000137042">
        </testcase>
        <testcase classname="src/utils/__tests__/commit-message.test.ts" name="commit-message utils &gt; parseClosedCommitMessage &gt; parses valid Closed format" time="0.000358791">
        </testcase>
        <testcase classname="src/utils/__tests__/commit-message.test.ts" name="commit-message utils &gt; parseClosedCommitMessage &gt; parses Closed format with long title" time="0.000070334">
        </testcase>
        <testcase classname="src/utils/__tests__/commit-message.test.ts" name="commit-message utils &gt; parseClosedCommitMessage &gt; returns null for non-matching messages" time="0.000091042">
        </testcase>
        <testcase classname="src/utils/__tests__/commit-message.test.ts" name="commit-message utils &gt; parseClosedCommitMessage &gt; trims whitespace" time="0.000117125">
        </testcase>
    </testsuite>
    <testsuite name="src/utils/__tests__/diff.test.ts" timestamp="2026-03-13T16:11:55.505Z" hostname="todd.local" tests="5" failures="0" errors="0" skipped="0" time="0.004055458">
        <testcase classname="src/utils/__tests__/diff.test.ts" name="computeLineDiff &gt; additions only: old empty, new has lines" time="0.002067959">
        </testcase>
        <testcase classname="src/utils/__tests__/diff.test.ts" name="computeLineDiff &gt; deletions only: old has lines, new empty" time="0.000394834">
        </testcase>
        <testcase classname="src/utils/__tests__/diff.test.ts" name="computeLineDiff &gt; mixed: context, additions, and deletions" time="0.000522791">
        </testcase>
        <testcase classname="src/utils/__tests__/diff.test.ts" name="computeLineDiff &gt; empty: both inputs empty" time="0.00013">
        </testcase>
        <testcase classname="src/utils/__tests__/diff.test.ts" name="computeLineDiff &gt; identical content: no additions or deletions" time="0.000267834">
        </testcase>
    </testsuite>
    <testsuite name="src/utils/__tests__/expo-auth-check.test.ts" timestamp="2026-03-13T16:11:55.506Z" hostname="todd.local" tests="4" failures="0" errors="0" skipped="1" time="0.039320542">
        <testcase classname="src/utils/__tests__/expo-auth-check.test.ts" name="expo-auth-check &gt; returns ok when EXPO_TOKEN is set in env" time="0.019866375">
        </testcase>
        <testcase classname="src/utils/__tests__/expo-auth-check.test.ts" name="expo-auth-check &gt; returns ok when expoToken is in global settings" time="0.01042375">
        </testcase>
        <testcase classname="src/utils/__tests__/expo-auth-check.test.ts" name="expo-auth-check &gt; returns failure with explicit prompt when no token and eas whoami fails" time="0.008287959">
        </testcase>
        <testcase classname="src/utils/__tests__/expo-auth-check.test.ts" name="expo-auth-check &gt; returns ok when eas whoami succeeds (interactive login)" time="0">
            <skipped/>
        </testcase>
    </testsuite>
    <testsuite name="src/utils/__tests__/expo-config.test.ts" timestamp="2026-03-13T16:11:55.506Z" hostname="todd.local" tests="14" failures="0" errors="0" skipped="0" time="0.179199375">
        <testcase classname="src/utils/__tests__/expo-config.test.ts" name="expo-config &gt; getExpoConfigStatus &gt; returns not configured when no app.json exists" time="0.006842334">
        </testcase>
        <testcase classname="src/utils/__tests__/expo-config.test.ts" name="expo-config &gt; getExpoConfigStatus &gt; returns configured when app.json has name and slug" time="0.003572709">
        </testcase>
        <testcase classname="src/utils/__tests__/expo-config.test.ts" name="expo-config &gt; getExpoConfigStatus &gt; returns not configured when app.json has empty name" time="0.002192875">
        </testcase>
        <testcase classname="src/utils/__tests__/expo-config.test.ts" name="expo-config &gt; getExpoConfigStatus &gt; returns not configured when app.json has no expo block" time="0.005855625">
        </testcase>
        <testcase classname="src/utils/__tests__/expo-config.test.ts" name="expo-config &gt; getExpoConfigStatus &gt; returns configured when app.config.js exists" time="0.004618">
        </testcase>
        <testcase classname="src/utils/__tests__/expo-config.test.ts" name="expo-config &gt; getExpoConfigStatus &gt; returns configured when app.config.ts exists" time="0.004083458">
        </testcase>
        <testcase classname="src/utils/__tests__/expo-config.test.ts" name="expo-config &gt; ensureExpoConfig &gt; creates app.json when missing and populates from project name" time="0.005018792">
        </testcase>
        <testcase classname="src/utils/__tests__/expo-config.test.ts" name="expo-config &gt; ensureExpoConfig &gt; uses package.json version when available" time="0.020138083">
        </testcase>
        <testcase classname="src/utils/__tests__/expo-config.test.ts" name="expo-config &gt; ensureExpoConfig &gt; updates existing app.json when name/slug are missing" time="0.034834625">
        </testcase>
        <testcase classname="src/utils/__tests__/expo-config.test.ts" name="expo-config &gt; ensureExpoConfig &gt; preserves existing expo fields when already set" time="0.025507042">
        </testcase>
        <testcase classname="src/utils/__tests__/expo-config.test.ts" name="expo-config &gt; ensureExpoConfig &gt; slugifies project name correctly" time="0.044320833">
        </testcase>
        <testcase classname="src/utils/__tests__/expo-config.test.ts" name="expo-config &gt; ensureExpoConfig &gt; calls emit when configuring" time="0.010184125">
        </testcase>
        <testcase classname="src/utils/__tests__/expo-config.test.ts" name="expo-config &gt; ensureExpoConfig &gt; returns ok: true for app.config.js without modifying" time="0.004507583">
        </testcase>
        <testcase classname="src/utils/__tests__/expo-config.test.ts" name="expo-config &gt; ensureExpoConfig &gt; returns ok: false when app.json exists but is invalid JSON" time="0.006135084">
        </testcase>
    </testsuite>
    <testsuite name="src/utils/__tests__/expo-install.test.ts" timestamp="2026-03-13T16:11:55.509Z" hostname="todd.local" tests="10" failures="0" errors="0" skipped="0" time="0.200770334">
        <testcase classname="src/utils/__tests__/expo-install.test.ts" name="expo-install &gt; isExpoInstalled &gt; returns true when package.json has expo dependency" time="0.005610542">
        </testcase>
        <testcase classname="src/utils/__tests__/expo-install.test.ts" name="expo-install &gt; isExpoInstalled &gt; returns true when package.json has eas-cli in devDependencies" time="0.002118375">
        </testcase>
        <testcase classname="src/utils/__tests__/expo-install.test.ts" name="expo-install &gt; isExpoInstalled &gt; returns false when package.json has no expo or eas-cli" time="0.001502333">
        </testcase>
        <testcase classname="src/utils/__tests__/expo-install.test.ts" name="expo-install &gt; installExpo &gt; returns installed: true when npm install succeeds" time="0.030810584">
        </testcase>
        <testcase classname="src/utils/__tests__/expo-install.test.ts" name="expo-install &gt; installExpo &gt; returns installed: false with error when npm install fails" time="0.010219625">
        </testcase>
        <testcase classname="src/utils/__tests__/expo-install.test.ts" name="expo-install &gt; ensureExpoInstalled &gt; returns ok: true when expo is already installed" time="0.009654">
        </testcase>
        <testcase classname="src/utils/__tests__/expo-install.test.ts" name="expo-install &gt; ensureExpoInstalled &gt; returns ok: true when install succeeds after detection" time="0.011549667">
        </testcase>
        <testcase classname="src/utils/__tests__/expo-install.test.ts" name="expo-install &gt; ensureExpoInstalled &gt; returns ok: false with clear error when install fails" time="0.025291084">
        </testcase>
        <testcase classname="src/utils/__tests__/expo-install.test.ts" name="expo-install &gt; ensureExpoInstalled &gt; calls emit callback when installing (expo not present)" time="0.04525575">
        </testcase>
        <testcase classname="src/utils/__tests__/expo-install.test.ts" name="expo-install &gt; ensureExpoInstalled &gt; does not call emit when expo is already installed" time="0.05687925">
        </testcase>
    </testsuite>
    <testsuite name="src/utils/__tests__/log-diff-truncation.test.ts" timestamp="2026-03-13T16:11:55.512Z" hostname="todd.local" tests="8" failures="0" errors="0" skipped="0" time="0.004911417">
        <testcase classname="src/utils/__tests__/log-diff-truncation.test.ts" name="log-diff-truncation &gt; truncateToThreshold &gt; returns value unchanged when within threshold" time="0.00090375">
        </testcase>
        <testcase classname="src/utils/__tests__/log-diff-truncation.test.ts" name="log-diff-truncation &gt; truncateToThreshold &gt; returns value unchanged when exactly at threshold" time="0.000103667">
        </testcase>
        <testcase classname="src/utils/__tests__/log-diff-truncation.test.ts" name="log-diff-truncation &gt; truncateToThreshold &gt; truncates and appends suffix when over threshold" time="0.00050225">
        </testcase>
        <testcase classname="src/utils/__tests__/log-diff-truncation.test.ts" name="log-diff-truncation &gt; truncateToThreshold &gt; returns null for null input" time="0.000080584">
        </testcase>
        <testcase classname="src/utils/__tests__/log-diff-truncation.test.ts" name="log-diff-truncation &gt; truncateToThreshold &gt; returns empty string unchanged" time="0.00013025">
        </testcase>
        <testcase classname="src/utils/__tests__/log-diff-truncation.test.ts" name="log-diff-truncation &gt; truncateToThreshold &gt; returns undefined as null" time="0.000079917">
        </testcase>
        <testcase classname="src/utils/__tests__/log-diff-truncation.test.ts" name="log-diff-truncation &gt; truncateToThreshold &gt; truncates at 100KB (LOG_DIFF_TRUNCATE_AT_CHARS) when over limit" time="0.000368792">
        </testcase>
        <testcase classname="src/utils/__tests__/log-diff-truncation.test.ts" name="log-diff-truncation &gt; truncateToThreshold &gt; does not truncate when at or under 100KB" time="0.000141209">
        </testcase>
    </testsuite>
    <testsuite name="src/utils/__tests__/path-env.test.ts" timestamp="2026-03-13T16:11:55.515Z" hostname="todd.local" tests="4" failures="0" errors="0" skipped="0" time="0.00566425">
        <testcase classname="src/utils/__tests__/path-env.test.ts" name="prioritizeNewestNvmNodeInPath &gt; returns input unchanged when there are fewer than two NVM node entries" time="0.0024705">
        </testcase>
        <testcase classname="src/utils/__tests__/path-env.test.ts" name="prioritizeNewestNvmNodeInPath &gt; reorders NVM node entries so the newest version appears first" time="0.000236791">
        </testcase>
        <testcase classname="src/utils/__tests__/path-env.test.ts" name="prioritizeNewestNvmNodeInPath &gt; supports NVM entries with trailing slash" time="0.000094708">
        </testcase>
        <testcase classname="src/utils/__tests__/path-env.test.ts" name="normalizeSpawnEnvPath &gt; returns a cloned object and normalizes PATH" time="0.000445333">
        </testcase>
    </testsuite>
</testsuites>
